<?xml version="1.0" encoding="UTF-8"?>
<testsuite name="com.example.PrimerParcial.services.DNAStatsServiceImplTest" tests="3" skipped="0" failures="0" errors="0" timestamp="2024-10-22T02:57:21" hostname="DESKTOP-F5U0FUP" time="0.023">
  <properties/>
  <testcase name="testCalcularStats_WithOnlyNonMutantDNA()" classname="com.example.PrimerParcial.services.DNAStatsServiceImplTest" time="0.01"/>
  <testcase name="testCalcularStats_WithOnlyMutantDNA()" classname="com.example.PrimerParcial.services.DNAStatsServiceImplTest" time="0.006"/>
  <testcase name="testCalcularStats_WithMutantAndNonMutantDNA()" classname="com.example.PrimerParcial.services.DNAStatsServiceImplTest" time="0.004"/>
  <system-out><![CDATA[]]></system-out>
  <system-err><![CDATA[]]></system-err>
</testsuite>
