<?xml version="1.0" encoding="UTF-8"?>
<testsuite name="com.example.PrimerParcial.PrimerParcialApplicationTests" tests="1" skipped="0" failures="0" errors="0" timestamp="2024-10-22T17:55:31" hostname="DESKTOP-F5U0FUP" time="0.261">
  <properties/>
  <testcase name="contextLoads()" classname="com.example.PrimerParcial.PrimerParcialApplicationTests" time="0.261"/>
  <system-out><![CDATA[14:55:24.717 [Test worker] INFO org.springframework.test.context.support.AnnotationConfigContextLoaderUtils -- Could not detect default configuration classes for test class [com.example.PrimerParcial.PrimerParcialApplicationTests]: PrimerParcialApplicationTests does not declare any static, non-private, non-final, nested classes annotated with @Configuration.
14:55:24.839 [Test worker] INFO org.springframework.boot.test.context.SpringBootTestContextBootstrapper -- Found @SpringBootConfiguration com.example.PrimerParcial.PrimerParcialApplication for test class com.example.PrimerParcial.PrimerParcialApplicationTests

  .   ____          _            __ _ _
 /\\ / ___'_ __ _ _(_)_ __  __ _ \ \ \ \
( ( )\___ | '_ | '_| | '_ \/ _` | \ \ \ \
 \\/  ___)| |_)| | | | | || (_| |  ) ) ) )
  '  |____| .__|_| |_|_| |_\__, | / / / /
 =========|_|==============|___/=/_/_/_/

 :: Spring Boot ::                (v3.3.4)

2024-10-22T14:55:25.361-03:00  WARN 6568 --- [PrimerParcial] [    Test worker] ory$DuplicateJsonObjectContextCustomizer : 

Found multiple occurrences of org.json.JSONObject on the class path:

	jar:file:/C:/Users/Cami/.gradle/caches/modules-2/files-2.1/org.json/json/20210307/528c8df3757e8bcf151817b1d7b9b434f6aa08d5/json-20210307.jar!/org/json/JSONObject.class
	jar:file:/C:/Users/Cami/.gradle/caches/modules-2/files-2.1/com.vaadin.external.google/android-json/0.0.20131108.vaadin1/fa26d351fe62a6a17f5cda1287c1c6110dec413f/android-json-0.0.20131108.vaadin1.jar!/org/json/JSONObject.class

You may wish to exclude one of them to ensure predictable runtime behavior

2024-10-22T14:55:25.394-03:00  INFO 6568 --- [PrimerParcial] [    Test worker] c.e.P.PrimerParcialApplicationTests      : Starting PrimerParcialApplicationTests using Java 17.0.12 with PID 6568 (started by Cami in C:\Users\Cami\Documents\Facultad\Tercero\Desarrollo de Software\proyectos\PrimerParcial\PrimerParcial)
2024-10-22T14:55:25.394-03:00  INFO 6568 --- [PrimerParcial] [    Test worker] c.e.P.PrimerParcialApplicationTests      : No active profile set, falling back to 1 default profile: "default"
2024-10-22T14:55:27.187-03:00  INFO 6568 --- [PrimerParcial] [    Test worker] .s.d.r.c.RepositoryConfigurationDelegate : Bootstrapping Spring Data JPA repositories in DEFAULT mode.
2024-10-22T14:55:27.277-03:00  INFO 6568 --- [PrimerParcial] [    Test worker] .s.d.r.c.RepositoryConfigurationDelegate : Finished Spring Data repository scanning in 77 ms. Found 1 JPA repository interface.
2024-10-22T14:55:27.879-03:00  INFO 6568 --- [PrimerParcial] [    Test worker] o.hibernate.jpa.internal.util.LogHelper  : HHH000204: Processing PersistenceUnitInfo [name: default]
2024-10-22T14:55:27.978-03:00  INFO 6568 --- [PrimerParcial] [    Test worker] org.hibernate.Version                    : HHH000412: Hibernate ORM core version 6.5.3.Final
2024-10-22T14:55:28.038-03:00  INFO 6568 --- [PrimerParcial] [    Test worker] o.h.c.internal.RegionFactoryInitiator    : HHH000026: Second-level cache disabled
2024-10-22T14:55:28.184-03:00  INFO 6568 --- [PrimerParcial] [    Test worker] o.h.e.boot.internal.EnversServiceImpl    : Envers integration enabled? : true
2024-10-22T14:55:28.518-03:00  INFO 6568 --- [PrimerParcial] [    Test worker] o.s.o.j.p.SpringPersistenceUnitInfo      : No LoadTimeWeaver setup: ignoring JPA class transformer
2024-10-22T14:55:28.556-03:00  INFO 6568 --- [PrimerParcial] [    Test worker] com.zaxxer.hikari.HikariDataSource       : HikariPool-1 - Starting...
2024-10-22T14:55:28.826-03:00  INFO 6568 --- [PrimerParcial] [    Test worker] com.zaxxer.hikari.pool.HikariPool        : HikariPool-1 - Added connection conn0: url=jdbc:h2:mem:primerParcialCamilaManita user=SA
2024-10-22T14:55:28.828-03:00  INFO 6568 --- [PrimerParcial] [    Test worker] com.zaxxer.hikari.HikariDataSource       : HikariPool-1 - Start completed.
2024-10-22T14:55:28.856-03:00  WARN 6568 --- [PrimerParcial] [    Test worker] org.hibernate.orm.deprecation            : HHH90000025: H2Dialect does not need to be specified explicitly using 'hibernate.dialect' (remove the property setting and it will be selected by default)
2024-10-22T14:55:30.130-03:00  INFO 6568 --- [PrimerParcial] [    Test worker] o.h.e.t.j.p.i.JtaPlatformInitiator       : HHH000489: No JTA platform available (set 'hibernate.transaction.jta.platform' to enable JTA platform integration)
Hibernate: create table dna (id bigint generated by default as identity, dna varchar(255), is_mutant boolean, primary key (id))
Hibernate: create table dnastats (id bigint generated by default as identity, mutant_count bigint not null, mutant_ratio float(53) not null, non_mutant_count bigint not null, primary key (id))
2024-10-22T14:55:30.212-03:00  INFO 6568 --- [PrimerParcial] [    Test worker] j.LocalContainerEntityManagerFactoryBean : Initialized JPA EntityManagerFactory for persistence unit 'default'
2024-10-22T14:55:31.072-03:00  WARN 6568 --- [PrimerParcial] [    Test worker] JpaBaseConfiguration$JpaWebConfiguration : spring.jpa.open-in-view is enabled by default. Therefore, database queries may be performed during view rendering. Explicitly configure spring.jpa.open-in-view to disable this warning
2024-10-22T14:55:31.699-03:00  INFO 6568 --- [PrimerParcial] [    Test worker] o.s.b.a.h2.H2ConsoleAutoConfiguration    : H2 console available at '/h2-console'. Database available at 'jdbc:h2:mem:primerParcialCamilaManita'
2024-10-22T14:55:31.821-03:00  INFO 6568 --- [PrimerParcial] [    Test worker] c.e.P.PrimerParcialApplicationTests      : Started PrimerParcialApplicationTests in 6.788 seconds (process running for 8.517)
]]></system-out>
  <system-err><![CDATA[]]></system-err>
</testsuite>
