<?xml version="1.0" encoding="UTF-8"?>
<testsuite name="com.example.PrimerParcial.services.DNAServiceImplTest" tests="3" skipped="0" failures="0" errors="0" timestamp="2024-10-22T17:55:32" hostname="DESKTOP-F5U0FUP" time="0.115">
  <properties/>
  <testcase name="testIsMutant_ReturnsTrue_WhenDnaExistsInRepository()" classname="com.example.PrimerParcial.services.DNAServiceImplTest" time="0.105"/>
  <testcase name="testIsMutant_ReturnsFalse_WhenMutantSequenceDoesNotExist()" classname="com.example.PrimerParcial.services.DNAServiceImplTest" time="0.004"/>
  <testcase name="testIsMutant_ReturnsTrue_WhenMutantSequenceExists()" classname="com.example.PrimerParcial.services.DNAServiceImplTest" time="0.003"/>
  <system-out><![CDATA[]]></system-out>
  <system-err><![CDATA[]]></system-err>
</testsuite>
